<?xml version="1.0" encoding="utf-8"?><testsuites name="pytest tests"><testsuite name="pytest" errors="0" failures="0" skipped="0" tests="11" time="3.570" timestamp="2026-08-26T06:49:26.941659+00:00" hostname="agent-env-60218d62-8a35-4074-bac5-408b29451360"><testcase classname="tests.test_late_fee_p58" name="test_login_all_roles" time="1.360" /><testcase classname="tests.test_late_fee_p58" name="test_reference_has_p58_groups" time="0.137" /><testcase classname="tests.test_late_fee_p58" name="test_reference_p58_group_content" time="0.112" /><testcase classname="tests.test_late_fee_p58" name="test_late_fee_policy" time="0.103" /><testcase classname="tests.test_late_fee_p58" name="test_late_fee_policy_sales_can_view" time="0.144" /><testcase classname="tests.test_late_fee_p58" name="test_deal_late_fee_assess" time="0.555" /><testcase classname="tests.test_late_fee_p58" name="test_deal_late_fee_finlead_may_waive" time="0.109" /><testcase classname="tests.test_late_fee_p58" name="test_deal_scope_sales_forbidden_when_not_owner" time="0.157" /><testcase classname="tests.test_late_fee_p58" name="test_waive_rejects_finance_403" time="0.116" /><testcase classname="tests.test_late_fee_p58" name="test_waive_reason_too_short_400" time="0.121" /><testcase classname="tests.test_late_fee_p58" name="test_apply_idempotent" time="0.174" /></testsuite></testsuites>