<?xml version="1.0" encoding="utf-8"?><testsuites name="pytest tests"><testsuite name="pytest" errors="0" failures="0" skipped="0" tests="17" time="3.894" timestamp="2026-08-26T09:14:12.420559+00:00" hostname="agent-env-60218d62-8a35-4074-bac5-408b29451360"><testcase classname="tests.test_p59.TestLateFeeWaivers" name="test_finlead_can_read_waiver_report" time="0.826" /><testcase classname="tests.test_p59.TestRefundDebt" name="test_finance_can_read_refund_debt" time="0.986" /><testcase classname="tests.test_p59.TestRefundDebt" name="test_finlead_can_read_refund_debt" time="0.651" /><testcase classname="tests.test_p59.TestLateFeeWaivers" name="test_finance_can_read_waiver_report" time="0.736" /><testcase classname="tests.test_p59.TestRefundDebt" name="test_owner_can_read_refund_debt" time="0.678" /><testcase classname="tests.test_p59.TestLateFeeWaivers" name="test_sales_scoped_to_own_email" time="0.777" /><testcase classname="tests.test_p59.TestLateFeeWaivers" name="test_date_filter_applied" time="0.318" /><testcase classname="tests.test_p59.TestLateFeeWaivers" name="test_pdf_export" time="0.117" /><testcase classname="tests.test_p59.TestRefundDebt" name="test_sales_denied_refund_debt" time="0.464" /><testcase classname="tests.test_p59.TestArrearsCandidates" name="test_finance_can_read_candidates" time="0.157" /><testcase classname="tests.test_p59.TestRefundDebt" name="test_projection_horizon" time="0.117" /><testcase classname="tests.test_p59.TestRefundDebt" name="test_pdf_export" time="0.113" /><testcase classname="tests.test_p59.TestArrearsCandidates" name="test_finlead_can_read_candidates" time="0.118" /><testcase classname="tests.test_p59.TestRefundDebt" name="test_ledger_matches_worksheet" time="0.111" /><testcase classname="tests.test_p59.TestArrearsCandidates" name="test_finance_cannot_sweep" time="0.106" /><testcase classname="tests.test_p59.TestArrearsCandidates" name="test_sales_cannot_sweep" time="0.109" /><testcase classname="tests.test_p59.TestArrearsCandidates" name="test_finlead_sweep_idempotent" time="0.284" /></testsuite></testsuites>